<?xml version="1.0" encoding="UTF-8"?>
<coverage generated="1582509765266" clover="3.2.0">
  <project timestamp="1582509765266" name="All files">
    <metrics statements="42" coveredstatements="42" conditionals="12" coveredconditionals="9" methods="19" coveredmethods="19" elements="73" coveredelements="70" complexity="0" loc="42" ncloc="42" packages="1" files="8" classes="8"/>
    <file name="Calculator.js" path="/home/home/WebstormProjects/is219calc/Calculator.js">
      <metrics statements="10" coveredstatements="10" conditionals="4" coveredconditionals="3" methods="6" coveredmethods="6"/>
      <line num="1" count="1" type="stmt"/>
      <line num="6" count="2" type="cond" truecount="2" falsecount="0"/>
      <line num="7" count="1" type="stmt"/>
      <line num="10" count="1" type="stmt"/>
      <line num="15" count="1" type="stmt"/>
      <line num="18" count="1" type="stmt"/>
      <line num="21" count="1" type="stmt"/>
      <line num="24" count="1" type="stmt"/>
      <line num="27" count="1" type="stmt"/>
      <line num="34" count="1" type="stmt"/>
    </file>
    <file name="MathOperations.js" path="/home/home/WebstormProjects/is219calc/MathOperations.js">
      <metrics statements="15" coveredstatements="15" conditionals="4" coveredconditionals="3" methods="6" coveredmethods="6"/>
      <line num="2" count="1" type="stmt"/>
      <line num="3" count="1" type="stmt"/>
      <line num="4" count="1" type="stmt"/>
      <line num="5" count="1" type="stmt"/>
      <line num="6" count="1" type="stmt"/>
      <line num="7" count="1" type="stmt"/>
      <line num="13" count="2" type="cond" truecount="2" falsecount="0"/>
      <line num="14" count="1" type="stmt"/>
      <line num="16" count="1" type="stmt"/>
      <line num="20" count="1" type="stmt"/>
      <line num="23" count="1" type="stmt"/>
      <line num="26" count="1" type="stmt"/>
      <line num="29" count="1" type="stmt"/>
      <line num="32" count="1" type="stmt"/>
      <line num="37" count="1" type="stmt"/>
    </file>
    <file name="divide.js" path="/home/home/WebstormProjects/is219calc/divide.js">
      <metrics statements="2" coveredstatements="2" conditionals="0" coveredconditionals="0" methods="1" coveredmethods="1"/>
      <line num="2" count="3" type="stmt"/>
      <line num="4" count="2" type="stmt"/>
    </file>
    <file name="multiply.js" path="/home/home/WebstormProjects/is219calc/multiply.js">
      <metrics statements="2" coveredstatements="2" conditionals="0" coveredconditionals="0" methods="1" coveredmethods="1"/>
      <line num="2" count="3" type="stmt"/>
      <line num="4" count="2" type="stmt"/>
    </file>
    <file name="sqroot.js" path="/home/home/WebstormProjects/is219calc/sqroot.js">
      <metrics statements="2" coveredstatements="2" conditionals="0" coveredconditionals="0" methods="1" coveredmethods="1"/>
      <line num="2" count="3" type="stmt"/>
      <line num="4" count="2" type="stmt"/>
    </file>
    <file name="square.js" path="/home/home/WebstormProjects/is219calc/square.js">
      <metrics statements="2" coveredstatements="2" conditionals="0" coveredconditionals="0" methods="1" coveredmethods="1"/>
      <line num="2" count="3" type="stmt"/>
      <line num="5" count="2" type="stmt"/>
    </file>
    <file name="subtract.js" path="/home/home/WebstormProjects/is219calc/subtract.js">
      <metrics statements="2" coveredstatements="2" conditionals="0" coveredconditionals="0" methods="1" coveredmethods="1"/>
      <line num="2" count="3" type="stmt"/>
      <line num="4" count="2" type="stmt"/>
    </file>
    <file name="sum.js" path="/home/home/WebstormProjects/is219calc/sum.js">
      <metrics statements="7" coveredstatements="7" conditionals="4" coveredconditionals="3" methods="2" coveredmethods="2"/>
      <line num="2" count="9" type="stmt"/>
      <line num="3" count="9" type="cond" truecount="2" falsecount="0"/>
      <line num="4" count="1" type="stmt"/>
      <line num="5" count="5" type="stmt"/>
      <line num="8" count="8" type="stmt"/>
      <line num="10" count="9" type="stmt"/>
      <line num="13" count="2" type="stmt"/>
    </file>
  </project>
</coverage>
