{"/home/home/WebstormProjects/is219calc/Calculator.js": {"path":"/home/home/WebstormProjects/is219calc/Calculator.js","statementMap":{"0":{"start":{"line":1,"column":0},"end":{"line":1,"column":45}},"1":{"start":{"line":6,"column":8},"end":{"line":11,"column":9}},"2":{"start":{"line":7,"column":12},"end":{"line":7,"column":55}},"3":{"start":{"line":10,"column":12},"end":{"line":10,"column":58}},"4":{"start":{"line":15,"column":8},"end":{"line":15,"column":60}},"5":{"start":{"line":18,"column":8},"end":{"line":18,"column":57}},"6":{"start":{"line":21,"column":8},"end":{"line":21,"column":59}},"7":{"start":{"line":24,"column":8},"end":{"line":24,"column":55}},"8":{"start":{"line":27,"column":8},"end":{"line":27,"column":54}},"9":{"start":{"line":34,"column":0},"end":{"line":34,"column":28}}},"fnMap":{"0":{"name":"(anonymous_0)","decl":{"start":{"line":5,"column":4},"end":{"line":5,"column":5}},"loc":{"start":{"line":5,"column":27},"end":{"line":13,"column":5}},"line":5},"1":{"name":"(anonymous_1)","decl":{"start":{"line":14,"column":4},"end":{"line":14,"column":5}},"loc":{"start":{"line":14,"column":18},"end":{"line":16,"column":5}},"line":14},"2":{"name":"(anonymous_2)","decl":{"start":{"line":17,"column":4},"end":{"line":17,"column":5}},"loc":{"start":{"line":17,"column":17},"end":{"line":19,"column":5}},"line":17},"3":{"name":"(anonymous_3)","decl":{"start":{"line":20,"column":4},"end":{"line":20,"column":5}},"loc":{"start":{"line":20,"column":16},"end":{"line":22,"column":5}},"line":20},"4":{"name":"(anonymous_4)","decl":{"start":{"line":23,"column":4},"end":{"line":23,"column":5}},"loc":{"start":{"line":23,"column":13},"end":{"line":25,"column":5}},"line":23},"5":{"name":"(anonymous_5)","decl":{"start":{"line":26,"column":4},"end":{"line":26,"column":5}},"loc":{"start":{"line":26,"column":13},"end":{"line":28,"column":5}},"line":26}},"branchMap":{"0":{"loc":{"start":{"line":5,"column":8},"end":{"line":5,"column":16}},"type":"default-arg","locations":[{"start":{"line":5,"column":12},"end":{"line":5,"column":16}}],"line":5},"1":{"loc":{"start":{"line":5,"column":18},"end":{"line":5,"column":26}},"type":"default-arg","locations":[{"start":{"line":5,"column":22},"end":{"line":5,"column":26}}],"line":5},"2":{"loc":{"start":{"line":6,"column":8},"end":{"line":11,"column":9}},"type":"if","locations":[{"start":{"line":6,"column":8},"end":{"line":11,"column":9}},{"start":{"line":6,"column":8},"end":{"line":11,"column":9}}],"line":6}},"s":{"0":1,"1":2,"2":1,"3":1,"4":1,"5":1,"6":1,"7":1,"8":1,"9":1},"f":{"0":2,"1":1,"2":1,"3":1,"4":1,"5":1},"b":{"0":[0],"1":[1],"2":[1,1]},"_coverageSchema":"1a1c01bbd47fc00a2c39e90264f33305004495a9","hash":"012fc5baf3ca58ab94001898b9196a34094a6b57"}
,"/home/home/WebstormProjects/is219calc/MathOperations.js": {"path":"/home/home/WebstormProjects/is219calc/MathOperations.js","statementMap":{"0":{"start":{"line":2,"column":12},"end":{"line":2,"column":28}},"1":{"start":{"line":3,"column":17},"end":{"line":3,"column":38}},"2":{"start":{"line":4,"column":17},"end":{"line":4,"column":38}},"3":{"start":{"line":5,"column":15},"end":{"line":5,"column":34}},"4":{"start":{"line":6,"column":15},"end":{"line":6,"column":34}},"5":{"start":{"line":7,"column":15},"end":{"line":7,"column":34}},"6":{"start":{"line":13,"column":8},"end":{"line":17,"column":9}},"7":{"start":{"line":14,"column":12},"end":{"line":14,"column":26}},"8":{"start":{"line":16,"column":12},"end":{"line":16,"column":28}},"9":{"start":{"line":20,"column":8},"end":{"line":20,"column":29}},"10":{"start":{"line":23,"column":8},"end":{"line":23,"column":29}},"11":{"start":{"line":26,"column":8},"end":{"line":26,"column":27}},"12":{"start":{"line":29,"column":8},"end":{"line":29,"column":25}},"13":{"start":{"line":32,"column":8},"end":{"line":32,"column":25}},"14":{"start":{"line":37,"column":0},"end":{"line":37,"column":32}}},"fnMap":{"0":{"name":"(anonymous_0)","decl":{"start":{"line":12,"column":4},"end":{"line":12,"column":5}},"loc":{"start":{"line":12,"column":35},"end":{"line":18,"column":5}},"line":12},"1":{"name":"(anonymous_1)","decl":{"start":{"line":19,"column":4},"end":{"line":19,"column":5}},"loc":{"start":{"line":19,"column":26},"end":{"line":21,"column":5}},"line":19},"2":{"name":"(anonymous_2)","decl":{"start":{"line":22,"column":4},"end":{"line":22,"column":5}},"loc":{"start":{"line":22,"column":24},"end":{"line":24,"column":5}},"line":22},"3":{"name":"(anonymous_3)","decl":{"start":{"line":25,"column":4},"end":{"line":25,"column":5}},"loc":{"start":{"line":25,"column":25},"end":{"line":27,"column":5}},"line":25},"4":{"name":"(anonymous_4)","decl":{"start":{"line":28,"column":4},"end":{"line":28,"column":5}},"loc":{"start":{"line":28,"column":21},"end":{"line":30,"column":5}},"line":28},"5":{"name":"(anonymous_5)","decl":{"start":{"line":31,"column":4},"end":{"line":31,"column":5}},"loc":{"start":{"line":31,"column":20},"end":{"line":33,"column":5}},"line":31}},"branchMap":{"0":{"loc":{"start":{"line":12,"column":15},"end":{"line":12,"column":23}},"type":"default-arg","locations":[{"start":{"line":12,"column":19},"end":{"line":12,"column":23}}],"line":12},"1":{"loc":{"start":{"line":12,"column":25},"end":{"line":12,"column":33}},"type":"default-arg","locations":[{"start":{"line":12,"column":29},"end":{"line":12,"column":33}}],"line":12},"2":{"loc":{"start":{"line":13,"column":8},"end":{"line":17,"column":9}},"type":"if","locations":[{"start":{"line":13,"column":8},"end":{"line":17,"column":9}},{"start":{"line":13,"column":8},"end":{"line":17,"column":9}}],"line":13}},"s":{"0":1,"1":1,"2":1,"3":1,"4":1,"5":1,"6":2,"7":1,"8":1,"9":1,"10":1,"11":1,"12":1,"13":1,"14":1},"f":{"0":2,"1":1,"2":1,"3":1,"4":1,"5":1},"b":{"0":[0],"1":[1],"2":[1,1]},"_coverageSchema":"1a1c01bbd47fc00a2c39e90264f33305004495a9","hash":"88264ce93cf56ea6b74d2288a8c2a1a5671351da"}
,"/home/home/WebstormProjects/is219calc/divide.js": {"path":"/home/home/WebstormProjects/is219calc/divide.js","statementMap":{"0":{"start":{"line":2,"column":4},"end":{"line":2,"column":17}},"1":{"start":{"line":4,"column":0},"end":{"line":4,"column":24}}},"fnMap":{"0":{"name":"divide","decl":{"start":{"line":1,"column":9},"end":{"line":1,"column":15}},"loc":{"start":{"line":1,"column":20},"end":{"line":3,"column":1}},"line":1}},"branchMap":{},"s":{"0":3,"1":2},"f":{"0":3},"b":{},"_coverageSchema":"1a1c01bbd47fc00a2c39e90264f33305004495a9","hash":"29297674fb10bd2bab921dc6147c408c37021726"}
,"/home/home/WebstormProjects/is219calc/multiply.js": {"path":"/home/home/WebstormProjects/is219calc/multiply.js","statementMap":{"0":{"start":{"line":2,"column":4},"end":{"line":2,"column":17}},"1":{"start":{"line":4,"column":0},"end":{"line":4,"column":26}}},"fnMap":{"0":{"name":"multiply","decl":{"start":{"line":1,"column":9},"end":{"line":1,"column":17}},"loc":{"start":{"line":1,"column":23},"end":{"line":3,"column":1}},"line":1}},"branchMap":{},"s":{"0":3,"1":2},"f":{"0":3},"b":{},"_coverageSchema":"1a1c01bbd47fc00a2c39e90264f33305004495a9","hash":"566bb23373ce9c7bbb7c5eda31efdab61aa74644"}
,"/home/home/WebstormProjects/is219calc/sqroot.js": {"path":"/home/home/WebstormProjects/is219calc/sqroot.js","statementMap":{"0":{"start":{"line":2,"column":4},"end":{"line":2,"column":24}},"1":{"start":{"line":4,"column":0},"end":{"line":4,"column":24}}},"fnMap":{"0":{"name":"sqroot","decl":{"start":{"line":1,"column":9},"end":{"line":1,"column":15}},"loc":{"start":{"line":1,"column":18},"end":{"line":3,"column":1}},"line":1}},"branchMap":{},"s":{"0":3,"1":2},"f":{"0":3},"b":{},"_coverageSchema":"1a1c01bbd47fc00a2c39e90264f33305004495a9","hash":"07aa1278f7c7d11012761f3984ed89e0a109f53f"}
,"/home/home/WebstormProjects/is219calc/square.js": {"path":"/home/home/WebstormProjects/is219calc/square.js","statementMap":{"0":{"start":{"line":2,"column":4},"end":{"line":2,"column":26}},"1":{"start":{"line":5,"column":0},"end":{"line":5,"column":24}}},"fnMap":{"0":{"name":"square","decl":{"start":{"line":1,"column":9},"end":{"line":1,"column":15}},"loc":{"start":{"line":1,"column":18},"end":{"line":4,"column":1}},"line":1}},"branchMap":{},"s":{"0":3,"1":2},"f":{"0":3},"b":{},"_coverageSchema":"1a1c01bbd47fc00a2c39e90264f33305004495a9","hash":"235225bb49db9136ff2062133a29bd5a27959f44"}
,"/home/home/WebstormProjects/is219calc/subtract.js": {"path":"/home/home/WebstormProjects/is219calc/subtract.js","statementMap":{"0":{"start":{"line":2,"column":4},"end":{"line":2,"column":17}},"1":{"start":{"line":4,"column":0},"end":{"line":4,"column":26}}},"fnMap":{"0":{"name":"subtract","decl":{"start":{"line":1,"column":9},"end":{"line":1,"column":17}},"loc":{"start":{"line":1,"column":23},"end":{"line":3,"column":1}},"line":1}},"branchMap":{},"s":{"0":3,"1":2},"f":{"0":3},"b":{},"_coverageSchema":"1a1c01bbd47fc00a2c39e90264f33305004495a9","hash":"73f2ccdc454c6b747ba42b38760b926b78939947"}
,"/home/home/WebstormProjects/is219calc/sum.js": {"path":"/home/home/WebstormProjects/is219calc/sum.js","statementMap":{"0":{"start":{"line":2,"column":17},"end":{"line":2,"column":18}},"1":{"start":{"line":3,"column":4},"end":{"line":9,"column":5}},"2":{"start":{"line":4,"column":8},"end":{"line":6,"column":11}},"3":{"start":{"line":5,"column":12},"end":{"line":5,"column":39}},"4":{"start":{"line":8,"column":8},"end":{"line":8,"column":23}},"5":{"start":{"line":10,"column":4},"end":{"line":10,"column":18}},"6":{"start":{"line":13,"column":0},"end":{"line":13,"column":21}}},"fnMap":{"0":{"name":"sum","decl":{"start":{"line":1,"column":9},"end":{"line":1,"column":12}},"loc":{"start":{"line":1,"column":33},"end":{"line":11,"column":1}},"line":1},"1":{"name":"(anonymous_1)","decl":{"start":{"line":4,"column":18},"end":{"line":4,"column":19}},"loc":{"start":{"line":4,"column":34},"end":{"line":6,"column":9}},"line":4}},"branchMap":{"0":{"loc":{"start":{"line":1,"column":13},"end":{"line":1,"column":21}},"type":"default-arg","locations":[{"start":{"line":1,"column":17},"end":{"line":1,"column":21}}],"line":1},"1":{"loc":{"start":{"line":1,"column":23},"end":{"line":1,"column":31}},"type":"default-arg","locations":[{"start":{"line":1,"column":27},"end":{"line":1,"column":31}}],"line":1},"2":{"loc":{"start":{"line":3,"column":4},"end":{"line":9,"column":5}},"type":"if","locations":[{"start":{"line":3,"column":4},"end":{"line":9,"column":5}},{"start":{"line":3,"column":4},"end":{"line":9,"column":5}}],"line":3}},"s":{"0":9,"1":9,"2":1,"3":5,"4":8,"5":9,"6":2},"f":{"0":9,"1":5},"b":{"0":[0],"1":[1],"2":[1,8]},"_coverageSchema":"1a1c01bbd47fc00a2c39e90264f33305004495a9","hash":"3b914d50103b9897256e36b2e8631b3e7dcefa77"}
}
