TN:
SF:Calculator.js
FN:5,(anonymous_0)
FN:14,(anonymous_1)
FN:17,(anonymous_2)
FN:20,(anonymous_3)
FN:23,(anonymous_4)
FN:26,(anonymous_5)
FNF:6
FNH:6
FNDA:2,(anonymous_0)
FNDA:1,(anonymous_1)
FNDA:1,(anonymous_2)
FNDA:1,(anonymous_3)
FNDA:1,(anonymous_4)
FNDA:1,(anonymous_5)
DA:1,1
DA:6,2
DA:7,1
DA:10,1
DA:15,1
DA:18,1
DA:21,1
DA:24,1
DA:27,1
DA:34,1
LF:10
LH:10
BRDA:5,0,0,0
BRDA:5,1,0,1
BRDA:6,2,0,1
BRDA:6,2,1,1
BRF:4
BRH:3
end_of_record
TN:
SF:MathOperations.js
FN:12,(anonymous_0)
FN:19,(anonymous_1)
FN:22,(anonymous_2)
FN:25,(anonymous_3)
FN:28,(anonymous_4)
FN:31,(anonymous_5)
FNF:6
FNH:6
FNDA:2,(anonymous_0)
FNDA:1,(anonymous_1)
FNDA:1,(anonymous_2)
FNDA:1,(anonymous_3)
FNDA:1,(anonymous_4)
FNDA:1,(anonymous_5)
DA:2,1
DA:3,1
DA:4,1
DA:5,1
DA:6,1
DA:7,1
DA:13,2
DA:14,1
DA:16,1
DA:20,1
DA:23,1
DA:26,1
DA:29,1
DA:32,1
DA:37,1
LF:15
LH:15
BRDA:12,0,0,0
BRDA:12,1,0,1
BRDA:13,2,0,1
BRDA:13,2,1,1
BRF:4
BRH:3
end_of_record
TN:
SF:divide.js
FN:1,divide
FNF:1
FNH:1
FNDA:3,divide
DA:2,3
DA:4,2
LF:2
LH:2
BRF:0
BRH:0
end_of_record
TN:
SF:multiply.js
FN:1,multiply
FNF:1
FNH:1
FNDA:3,multiply
DA:2,3
DA:4,2
LF:2
LH:2
BRF:0
BRH:0
end_of_record
TN:
SF:sqroot.js
FN:1,sqroot
FNF:1
FNH:1
FNDA:3,sqroot
DA:2,3
DA:4,2
LF:2
LH:2
BRF:0
BRH:0
end_of_record
TN:
SF:square.js
FN:1,square
FNF:1
FNH:1
FNDA:3,square
DA:2,3
DA:5,2
LF:2
LH:2
BRF:0
BRH:0
end_of_record
TN:
SF:subtract.js
FN:1,subtract
FNF:1
FNH:1
FNDA:3,subtract
DA:2,3
DA:4,2
LF:2
LH:2
BRF:0
BRH:0
end_of_record
TN:
SF:sum.js
FN:1,sum
FN:4,(anonymous_1)
FNF:2
FNH:2
FNDA:9,sum
FNDA:5,(anonymous_1)
DA:2,9
DA:3,9
DA:4,1
DA:5,5
DA:8,8
DA:10,9
DA:13,2
LF:7
LH:7
BRDA:1,0,0,0
BRDA:1,1,0,1
BRDA:3,2,0,1
BRDA:3,2,1,8
BRF:4
BRH:3
end_of_record
